<?xml version="1.0" encoding="UTF-8"?>
<testsuite name="test.testTodo" tests="1" skipped="0" failures="0" errors="0" timestamp="2017-10-25T17:54:56" hostname="Samuel Ryzek" time="1.378">
  <properties/>
  <testcase name="test" classname="test.testTodo" time="1.378"/>
  <system-out><![CDATA[2017-10-25 11:54:57,092 DEBUG [org.hibernate.type.BasicTypeRegistry] - Adding type registration boolean -> org.hibernate.type.BooleanType@54c1913f
2017-10-25 11:54:57,093 DEBUG [org.hibernate.type.BasicTypeRegistry] - Adding type registration boolean -> org.hibernate.type.BooleanType@54c1913f
2017-10-25 11:54:57,095 DEBUG [org.hibernate.type.BasicTypeRegistry] - Adding type registration java.lang.Boolean -> org.hibernate.type.BooleanType@54c1913f
2017-10-25 11:54:57,097 DEBUG [org.hibernate.type.BasicTypeRegistry] - Adding type registration numeric_boolean -> org.hibernate.type.NumericBooleanType@20cd963f
2017-10-25 11:54:57,097 DEBUG [org.hibernate.type.BasicTypeRegistry] - Adding type registration true_false -> org.hibernate.type.TrueFalseType@145cdc3b
2017-10-25 11:54:57,098 DEBUG [org.hibernate.type.BasicTypeRegistry] - Adding type registration yes_no -> org.hibernate.type.YesNoType@68dd2b3
2017-10-25 11:54:57,099 DEBUG [org.hibernate.type.BasicTypeRegistry] - Adding type registration byte -> org.hibernate.type.ByteType@612f1138
2017-10-25 11:54:57,099 DEBUG [org.hibernate.type.BasicTypeRegistry] - Adding type registration byte -> org.hibernate.type.ByteType@612f1138
2017-10-25 11:54:57,100 DEBUG [org.hibernate.type.BasicTypeRegistry] - Adding type registration java.lang.Byte -> org.hibernate.type.ByteType@612f1138
2017-10-25 11:54:57,101 DEBUG [org.hibernate.type.BasicTypeRegistry] - Adding type registration character -> org.hibernate.type.CharacterType@d197d9a
2017-10-25 11:54:57,101 DEBUG [org.hibernate.type.BasicTypeRegistry] - Adding type registration char -> org.hibernate.type.CharacterType@d197d9a
2017-10-25 11:54:57,102 DEBUG [org.hibernate.type.BasicTypeRegistry] - Adding type registration java.lang.Character -> org.hibernate.type.CharacterType@d197d9a
2017-10-25 11:54:57,103 DEBUG [org.hibernate.type.BasicTypeRegistry] - Adding type registration short -> org.hibernate.type.ShortType@3bf035eb
2017-10-25 11:54:57,104 DEBUG [org.hibernate.type.BasicTypeRegistry] - Adding type registration short -> org.hibernate.type.ShortType@3bf035eb
2017-10-25 11:54:57,104 DEBUG [org.hibernate.type.BasicTypeRegistry] - Adding type registration java.lang.Short -> org.hibernate.type.ShortType@3bf035eb
2017-10-25 11:54:57,105 DEBUG [org.hibernate.type.BasicTypeRegistry] - Adding type registration integer -> org.hibernate.type.IntegerType@3096a51d
2017-10-25 11:54:57,106 DEBUG [org.hibernate.type.BasicTypeRegistry] - Adding type registration int -> org.hibernate.type.IntegerType@3096a51d
2017-10-25 11:54:57,106 DEBUG [org.hibernate.type.BasicTypeRegistry] - Adding type registration java.lang.Integer -> org.hibernate.type.IntegerType@3096a51d
2017-10-25 11:54:57,108 DEBUG [org.hibernate.type.BasicTypeRegistry] - Adding type registration long -> org.hibernate.type.LongType@10be918a
2017-10-25 11:54:57,108 DEBUG [org.hibernate.type.BasicTypeRegistry] - Adding type registration long -> org.hibernate.type.LongType@10be918a
2017-10-25 11:54:57,108 DEBUG [org.hibernate.type.BasicTypeRegistry] - Adding type registration java.lang.Long -> org.hibernate.type.LongType@10be918a
2017-10-25 11:54:57,110 DEBUG [org.hibernate.type.BasicTypeRegistry] - Adding type registration float -> org.hibernate.type.FloatType@512504b2
2017-10-25 11:54:57,110 DEBUG [org.hibernate.type.BasicTypeRegistry] - Adding type registration float -> org.hibernate.type.FloatType@512504b2
2017-10-25 11:54:57,110 DEBUG [org.hibernate.type.BasicTypeRegistry] - Adding type registration java.lang.Float -> org.hibernate.type.FloatType@512504b2
2017-10-25 11:54:57,111 DEBUG [org.hibernate.type.BasicTypeRegistry] - Adding type registration double -> org.hibernate.type.DoubleType@57ec0db1
2017-10-25 11:54:57,111 DEBUG [org.hibernate.type.BasicTypeRegistry] - Adding type registration double -> org.hibernate.type.DoubleType@57ec0db1
2017-10-25 11:54:57,112 DEBUG [org.hibernate.type.BasicTypeRegistry] - Adding type registration java.lang.Double -> org.hibernate.type.DoubleType@57ec0db1
2017-10-25 11:54:57,113 DEBUG [org.hibernate.type.BasicTypeRegistry] - Adding type registration big_decimal -> org.hibernate.type.BigDecimalType@41c6a7ae
2017-10-25 11:54:57,113 DEBUG [org.hibernate.type.BasicTypeRegistry] - Adding type registration java.math.BigDecimal -> org.hibernate.type.BigDecimalType@41c6a7ae
2017-10-25 11:54:57,115 DEBUG [org.hibernate.type.BasicTypeRegistry] - Adding type registration big_integer -> org.hibernate.type.BigIntegerType@14144dd6
2017-10-25 11:54:57,115 DEBUG [org.hibernate.type.BasicTypeRegistry] - Adding type registration java.math.BigInteger -> org.hibernate.type.BigIntegerType@14144dd6
2017-10-25 11:54:57,116 DEBUG [org.hibernate.type.BasicTypeRegistry] - Adding type registration string -> org.hibernate.type.StringType@2ea986d
2017-10-25 11:54:57,117 DEBUG [org.hibernate.type.BasicTypeRegistry] - Adding type registration java.lang.String -> org.hibernate.type.StringType@2ea986d
2017-10-25 11:54:57,117 DEBUG [org.hibernate.type.BasicTypeRegistry] - Adding type registration nstring -> org.hibernate.type.StringNVarcharType@5c876a3b
2017-10-25 11:54:57,118 DEBUG [org.hibernate.type.BasicTypeRegistry] - Adding type registration ncharacter -> org.hibernate.type.CharacterNCharType@4b4b649e
2017-10-25 11:54:57,119 DEBUG [org.hibernate.type.BasicTypeRegistry] - Adding type registration url -> org.hibernate.type.UrlType@142f2c1
2017-10-25 11:54:57,119 DEBUG [org.hibernate.type.BasicTypeRegistry] - Adding type registration java.net.URL -> org.hibernate.type.UrlType@142f2c1
2017-10-25 11:54:57,120 DEBUG [org.hibernate.type.BasicTypeRegistry] - Adding type registration Duration -> org.hibernate.type.DurationType@3b5168ec
2017-10-25 11:54:57,120 DEBUG [org.hibernate.type.BasicTypeRegistry] - Adding type registration java.time.Duration -> org.hibernate.type.DurationType@3b5168ec
2017-10-25 11:54:57,131 DEBUG [org.hibernate.type.BasicTypeRegistry] - Adding type registration Instant -> org.hibernate.type.InstantType@4bc49b1b
2017-10-25 11:54:57,131 DEBUG [org.hibernate.type.BasicTypeRegistry] - Adding type registration java.time.Instant -> org.hibernate.type.InstantType@4bc49b1b
2017-10-25 11:54:57,133 DEBUG [org.hibernate.type.BasicTypeRegistry] - Adding type registration LocalDateTime -> org.hibernate.type.LocalDateTimeType@e2580d8
2017-10-25 11:54:57,133 DEBUG [org.hibernate.type.BasicTypeRegistry] - Adding type registration java.time.LocalDateTime -> org.hibernate.type.LocalDateTimeType@e2580d8
2017-10-25 11:54:57,134 DEBUG [org.hibernate.type.BasicTypeRegistry] - Adding type registration LocalDate -> org.hibernate.type.LocalDateType@50edf1fe
2017-10-25 11:54:57,135 DEBUG [org.hibernate.type.BasicTypeRegistry] - Adding type registration java.time.LocalDate -> org.hibernate.type.LocalDateType@50edf1fe
2017-10-25 11:54:57,137 DEBUG [org.hibernate.type.BasicTypeRegistry] - Adding type registration LocalTime -> org.hibernate.type.LocalTimeType@3cd8b68e
2017-10-25 11:54:57,137 DEBUG [org.hibernate.type.BasicTypeRegistry] - Adding type registration java.time.LocalTime -> org.hibernate.type.LocalTimeType@3cd8b68e
2017-10-25 11:54:57,139 DEBUG [org.hibernate.type.BasicTypeRegistry] - Adding type registration OffsetDateTime -> org.hibernate.type.OffsetDateTimeType@1f119096
2017-10-25 11:54:57,139 DEBUG [org.hibernate.type.BasicTypeRegistry] - Adding type registration java.time.OffsetDateTime -> org.hibernate.type.OffsetDateTimeType@1f119096
2017-10-25 11:54:57,140 DEBUG [org.hibernate.type.BasicTypeRegistry] - Adding type registration OffsetTime -> org.hibernate.type.OffsetTimeType@402156a5
2017-10-25 11:54:57,140 DEBUG [org.hibernate.type.BasicTypeRegistry] - Adding type registration java.time.OffsetTime -> org.hibernate.type.OffsetTimeType@402156a5
2017-10-25 11:54:57,143 DEBUG [org.hibernate.type.BasicTypeRegistry] - Adding type registration ZonedDateTime -> org.hibernate.type.ZonedDateTimeType@2a4bd214
2017-10-25 11:54:57,143 DEBUG [org.hibernate.type.BasicTypeRegistry] - Adding type registration java.time.ZonedDateTime -> org.hibernate.type.ZonedDateTimeType@2a4bd214
2017-10-25 11:54:57,144 DEBUG [org.hibernate.type.BasicTypeRegistry] - Adding type registration date -> org.hibernate.type.DateType@61138e9f
2017-10-25 11:54:57,144 DEBUG [org.hibernate.type.BasicTypeRegistry] - Adding type registration java.sql.Date -> org.hibernate.type.DateType@61138e9f
2017-10-25 11:54:57,145 DEBUG [org.hibernate.type.BasicTypeRegistry] - Adding type registration time -> org.hibernate.type.TimeType@3e0e05cd
2017-10-25 11:54:57,145 DEBUG [org.hibernate.type.BasicTypeRegistry] - Adding type registration java.sql.Time -> org.hibernate.type.TimeType@3e0e05cd
2017-10-25 11:54:57,146 DEBUG [org.hibernate.type.BasicTypeRegistry] - Adding type registration timestamp -> org.hibernate.type.TimestampType@54379b09
2017-10-25 11:54:57,146 DEBUG [org.hibernate.type.BasicTypeRegistry] - Adding type registration java.sql.Timestamp -> org.hibernate.type.TimestampType@54379b09
2017-10-25 11:54:57,146 DEBUG [org.hibernate.type.BasicTypeRegistry] - Adding type registration java.util.Date -> org.hibernate.type.TimestampType@54379b09
2017-10-25 11:54:57,147 DEBUG [org.hibernate.type.BasicTypeRegistry] - Adding type registration dbtimestamp -> org.hibernate.type.DbTimestampType@5c88fea0
2017-10-25 11:54:57,148 DEBUG [org.hibernate.type.BasicTypeRegistry] - Adding type registration calendar -> org.hibernate.type.CalendarType@65d45843
2017-10-25 11:54:57,148 DEBUG [org.hibernate.type.BasicTypeRegistry] - Adding type registration java.util.Calendar -> org.hibernate.type.CalendarType@65d45843
2017-10-25 11:54:57,149 DEBUG [org.hibernate.type.BasicTypeRegistry] - Adding type registration java.util.GregorianCalendar -> org.hibernate.type.CalendarType@65d45843
2017-10-25 11:54:57,150 DEBUG [org.hibernate.type.BasicTypeRegistry] - Adding type registration calendar_date -> org.hibernate.type.CalendarDateType@478d47bd
2017-10-25 11:54:57,150 DEBUG [org.hibernate.type.BasicTypeRegistry] - Adding type registration locale -> org.hibernate.type.LocaleType@3c2011d5
2017-10-25 11:54:57,150 DEBUG [org.hibernate.type.BasicTypeRegistry] - Adding type registration java.util.Locale -> org.hibernate.type.LocaleType@3c2011d5
2017-10-25 11:54:57,151 DEBUG [org.hibernate.type.BasicTypeRegistry] - Adding type registration currency -> org.hibernate.type.CurrencyType@1cff77ea
2017-10-25 11:54:57,151 DEBUG [org.hibernate.type.BasicTypeRegistry] - Adding type registration java.util.Currency -> org.hibernate.type.CurrencyType@1cff77ea
2017-10-25 11:54:57,152 DEBUG [org.hibernate.type.BasicTypeRegistry] - Adding type registration timezone -> org.hibernate.type.TimeZoneType@332929b2
2017-10-25 11:54:57,152 DEBUG [org.hibernate.type.BasicTypeRegistry] - Adding type registration java.util.TimeZone -> org.hibernate.type.TimeZoneType@332929b2
2017-10-25 11:54:57,153 DEBUG [org.hibernate.type.BasicTypeRegistry] - Adding type registration class -> org.hibernate.type.ClassType@5b382478
2017-10-25 11:54:57,153 DEBUG [org.hibernate.type.BasicTypeRegistry] - Adding type registration java.lang.Class -> org.hibernate.type.ClassType@5b382478
2017-10-25 11:54:57,154 DEBUG [org.hibernate.type.BasicTypeRegistry] - Adding type registration uuid-binary -> org.hibernate.type.UUIDBinaryType@34a6cc7a
2017-10-25 11:54:57,154 DEBUG [org.hibernate.type.BasicTypeRegistry] - Adding type registration java.util.UUID -> org.hibernate.type.UUIDBinaryType@34a6cc7a
2017-10-25 11:54:57,154 DEBUG [org.hibernate.type.BasicTypeRegistry] - Adding type registration uuid-char -> org.hibernate.type.UUIDCharType@24da1ed7
2017-10-25 11:54:57,155 DEBUG [org.hibernate.type.BasicTypeRegistry] - Adding type registration binary -> org.hibernate.type.BinaryType@762ee391
2017-10-25 11:54:57,156 DEBUG [org.hibernate.type.BasicTypeRegistry] - Adding type registration byte[] -> org.hibernate.type.BinaryType@762ee391
2017-10-25 11:54:57,156 DEBUG [org.hibernate.type.BasicTypeRegistry] - Adding type registration [B -> org.hibernate.type.BinaryType@762ee391
2017-10-25 11:54:57,157 DEBUG [org.hibernate.type.BasicTypeRegistry] - Adding type registration wrapper-binary -> org.hibernate.type.WrapperBinaryType@7784dcc3
2017-10-25 11:54:57,158 DEBUG [org.hibernate.type.BasicTypeRegistry] - Adding type registration Byte[] -> org.hibernate.type.WrapperBinaryType@7784dcc3
2017-10-25 11:54:57,158 DEBUG [org.hibernate.type.BasicTypeRegistry] - Adding type registration [Ljava.lang.Byte; -> org.hibernate.type.WrapperBinaryType@7784dcc3
2017-10-25 11:54:57,159 DEBUG [org.hibernate.type.BasicTypeRegistry] - Adding type registration row_version -> org.hibernate.type.RowVersionType@13b8ffa
2017-10-25 11:54:57,160 DEBUG [org.hibernate.type.BasicTypeRegistry] - Adding type registration image -> org.hibernate.type.ImageType@5c12bb6c
2017-10-25 11:54:57,161 DEBUG [org.hibernate.type.BasicTypeRegistry] - Adding type registration characters -> org.hibernate.type.CharArrayType@293c93ff
2017-10-25 11:54:57,161 DEBUG [org.hibernate.type.BasicTypeRegistry] - Adding type registration char[] -> org.hibernate.type.CharArrayType@293c93ff
2017-10-25 11:54:57,162 DEBUG [org.hibernate.type.BasicTypeRegistry] - Adding type registration [C -> org.hibernate.type.CharArrayType@293c93ff
2017-10-25 11:54:57,163 DEBUG [org.hibernate.type.BasicTypeRegistry] - Adding type registration wrapper-characters -> org.hibernate.type.CharacterArrayType@44fd42ca
2017-10-25 11:54:57,164 DEBUG [org.hibernate.type.BasicTypeRegistry] - Adding type registration [Ljava.lang.Character; -> org.hibernate.type.CharacterArrayType@44fd42ca
2017-10-25 11:54:57,164 DEBUG [org.hibernate.type.BasicTypeRegistry] - Adding type registration Character[] -> org.hibernate.type.CharacterArrayType@44fd42ca
2017-10-25 11:54:57,167 DEBUG [org.hibernate.type.BasicTypeRegistry] - Adding type registration text -> org.hibernate.type.TextType@29972de8
2017-10-25 11:54:57,168 DEBUG [org.hibernate.type.BasicTypeRegistry] - Adding type registration ntext -> org.hibernate.type.NTextType@668ebbbd
2017-10-25 11:54:57,172 DEBUG [org.hibernate.type.BasicTypeRegistry] - Adding type registration blob -> org.hibernate.type.BlobType@4987837f
2017-10-25 11:54:57,172 DEBUG [org.hibernate.type.BasicTypeRegistry] - Adding type registration java.sql.Blob -> org.hibernate.type.BlobType@4987837f
2017-10-25 11:54:57,173 DEBUG [org.hibernate.type.BasicTypeRegistry] - Adding type registration materialized_blob -> org.hibernate.type.MaterializedBlobType@3431d412
2017-10-25 11:54:57,176 DEBUG [org.hibernate.type.BasicTypeRegistry] - Adding type registration clob -> org.hibernate.type.ClobType@783b3290
2017-10-25 11:54:57,176 DEBUG [org.hibernate.type.BasicTypeRegistry] - Adding type registration java.sql.Clob -> org.hibernate.type.ClobType@783b3290
2017-10-25 11:54:57,179 DEBUG [org.hibernate.type.BasicTypeRegistry] - Adding type registration nclob -> org.hibernate.type.NClobType@202fb9ab
2017-10-25 11:54:57,179 DEBUG [org.hibernate.type.BasicTypeRegistry] - Adding type registration java.sql.NClob -> org.hibernate.type.NClobType@202fb9ab
2017-10-25 11:54:57,180 DEBUG [org.hibernate.type.BasicTypeRegistry] - Adding type registration materialized_clob -> org.hibernate.type.MaterializedClobType@2cc6897c
2017-10-25 11:54:57,180 DEBUG [org.hibernate.type.BasicTypeRegistry] - Adding type registration materialized_nclob -> org.hibernate.type.MaterializedNClobType@3b905d03
2017-10-25 11:54:57,181 DEBUG [org.hibernate.type.BasicTypeRegistry] - Adding type registration serializable -> org.hibernate.type.SerializableType@486dda74
2017-10-25 11:54:57,185 DEBUG [org.hibernate.type.BasicTypeRegistry] - Adding type registration object -> org.hibernate.type.ObjectType@6edb7494
2017-10-25 11:54:57,185 DEBUG [org.hibernate.type.BasicTypeRegistry] - Adding type registration java.lang.Object -> org.hibernate.type.ObjectType@6edb7494
2017-10-25 11:54:57,185 DEBUG [org.hibernate.type.BasicTypeRegistry] - Adding type registration imm_date -> org.hibernate.type.AdaptedImmutableType@72d80573
2017-10-25 11:54:57,185 DEBUG [org.hibernate.type.BasicTypeRegistry] - Adding type registration imm_time -> org.hibernate.type.AdaptedImmutableType@4792a068
2017-10-25 11:54:57,185 DEBUG [org.hibernate.type.BasicTypeRegistry] - Adding type registration imm_timestamp -> org.hibernate.type.AdaptedImmutableType@199b9b0c
2017-10-25 11:54:57,186 DEBUG [org.hibernate.type.BasicTypeRegistry] - Adding type registration imm_dbtimestamp -> org.hibernate.type.AdaptedImmutableType@9e35487
2017-10-25 11:54:57,186 DEBUG [org.hibernate.type.BasicTypeRegistry] - Adding type registration imm_calendar -> org.hibernate.type.AdaptedImmutableType@3ba23b55
2017-10-25 11:54:57,186 DEBUG [org.hibernate.type.BasicTypeRegistry] - Adding type registration imm_calendar_date -> org.hibernate.type.AdaptedImmutableType@69e15da9
2017-10-25 11:54:57,186 DEBUG [org.hibernate.type.BasicTypeRegistry] - Adding type registration imm_binary -> org.hibernate.type.AdaptedImmutableType@2c67e862
2017-10-25 11:54:57,186 DEBUG [org.hibernate.type.BasicTypeRegistry] - Adding type registration imm_serializable -> org.hibernate.type.AdaptedImmutableType@3f33d605
2017-10-25 11:54:57,905 TRACE [org.hibernate.type.TypeFactory] - Scoping types to session factory org.hibernate.internal.SessionFactoryImpl@60a51ab6
]]></system-out>
  <system-err><![CDATA[]]></system-err>
</testsuite>
